Drill report for kbd.kicad_pcb
Created on 2023 June 04, Sunday 16:05:39

Copper Layer Stackup:
    =============================================================
    L1 :  F.Cu                      front
    L2 :  B.Cu                      back


Drill file 'kbd.drl' contains
    plated through holes:
    =============================================================
    T1  0.300mm  0.0118"  (42 holes)
    T2  0.400mm  0.0157"  (8 holes)
    T3  0.400mm  0.0157"  (80 holes)
    T4  0.700mm  0.0276"  (50 holes)
    T5  1.000mm  0.0394"  (10 holes)
    T6  1.100mm  0.0433"  (84 holes)
    T7  2.200mm  0.0866"  (10 holes)
    T8  12.300mm  0.4843"  (4 holes)

    Total plated holes count 288


Not plated through holes are merged with plated holes
    unplated through holes:
    =============================================================
    T9  0.300mm  0.0118"  (168 holes)  (with 168 slots)
    T10  1.300mm  0.0512"  (84 holes)
    T11  2.000mm  0.0787"  (84 holes)  (with 84 slots)
    T12  4.100mm  0.1614"  (44 holes)  (with 44 slots)

    Total unplated holes count 380
